<?xml version="1.0" encoding="UTF-8"?>
<!-- Generated by org.testng.reporters.JUnitReportReporter -->
<testsuite hostname="Nanda" failures="0" tests="4" name="api.test.UserTests" time="7.911" errors="0" timestamp="2024-05-13T07:29:12 IST" skipped="0">
  <testcase classname="api.test.UserTests" name="testPostUser" time="3.196"/>
  <testcase classname="api.test.UserTests" name="testGetUserByName" time="1.190"/>
  <testcase classname="api.test.UserTests" name="testUpdateUserByName" time="2.368"/>
  <testcase classname="api.test.UserTests" name="testDeleteUserByName" time="1.157"/>
</testsuite> <!-- api.test.UserTests -->
