<?xml version="1.0" encoding="UTF-8"?>
<!-- Generated by org.testng.reporters.JUnitReportReporter -->
<testsuite hostname="Nanda" failures="0" tests="4" name="api.test.UserTests2" time="5.989" errors="0" timestamp="2024-05-13T07:29:12 IST" skipped="0">
  <testcase classname="api.test.UserTests2" name="testPostUser" time="1.197"/>
  <testcase classname="api.test.UserTests2" name="testGetUserByName" time="1.172"/>
  <testcase classname="api.test.UserTests2" name="testUpdateUserByName" time="2.401"/>
  <testcase classname="api.test.UserTests2" name="testDeleteUserByName" time="1.219"/>
</testsuite> <!-- api.test.UserTests2 -->
