<?xml version="1.0" encoding="UTF-8"?>
<!-- Generated by org.testng.reporters.JUnitReportReporter -->
<testsuite hostname="Nanda" failures="0" tests="7" name="api.test.DDTests" time="11.758" errors="0" timestamp="2024-05-12T12:14:05 IST" skipped="1">
  <testcase classname="api.test.DDTests" name="testPostUserUsingExcel" time="1.256"/>
  <testcase classname="api.test.DDTests" name="testPostUserUsingExcel" time="4.876"/>
  <testcase classname="api.test.DDTests" name="testPostUserUsingExcel" time="1.342"/>
  <testcase classname="api.test.DDTests" name="testDeleteUserByName" time="1.427"/>
  <testcase classname="api.test.DDTests" name="testDeleteUserByName" time="1.500"/>
  <testcase classname="api.test.DDTests" name="testDeleteUserByName" time="1.357"/>
  <testcase classname="api.test.DDTests" name="testGetUserByName">
    <skipped/>
  </testcase> <!-- testGetUserByName -->
</testsuite> <!-- api.test.DDTests -->
