<?xml version="1.0" encoding="UTF-8"?>
<!-- Generated by org.testng.reporters.JUnitReportReporter -->
<testsuite hostname="Nanda" failures="0" tests="4" name="api.test.UserTests" time="8.103" errors="0" timestamp="2024-05-13T08:23:50 IST" skipped="0">
  <testcase classname="api.test.UserTests" name="testPostUser" time="3.255"/>
  <testcase classname="api.test.UserTests" name="testGetUserByName" time="1.200"/>
  <testcase classname="api.test.UserTests" name="testUpdateUserByName" time="2.467"/>
  <testcase classname="api.test.UserTests" name="testDeleteUserByName" time="1.181"/>
</testsuite> <!-- api.test.UserTests -->
