<?xml version="1.0" encoding="UTF-8"?>
<!-- Generated by org.testng.reporters.JUnitReportReporter -->
<testsuite hostname="Nanda" failures="0" tests="4" name="api.test.UserTests2" time="6.064" errors="0" timestamp="2024-05-13T08:23:50 IST" skipped="0">
  <testcase classname="api.test.UserTests2" name="testPostUser" time="1.244"/>
  <testcase classname="api.test.UserTests2" name="testGetUserByName" time="1.204"/>
  <testcase classname="api.test.UserTests2" name="testUpdateUserByName" time="2.361"/>
  <testcase classname="api.test.UserTests2" name="testDeleteUserByName" time="1.255"/>
</testsuite> <!-- api.test.UserTests2 -->
